{"numFailedTestSuites":1,"numFailedTests":1,"numPassedTestSuites":1,"numPassedTests":1,"numPendingTestSuites":0,"numPendingTests":0,"numRuntimeErrorTestSuites":0,"numTodoTests":0,"numTotalTestSuites":2,"numTotalTests":2,"openHandles":[],"snapshot":{"added":0,"didUpdate":false,"failure":false,"filesAdded":0,"filesRemoved":0,"filesRemovedList":[],"filesUnmatched":0,"filesUpdated":0,"matched":0,"total":0,"unchecked":0,"uncheckedKeysByFile":[],"unmatched":0,"updated":0},"startTime":1782717086873,"success":false,"testResults":[{"assertionResults":[{"ancestorTitles":[],"failureMessages":["TestingLibraryElementError: Found multiple elements with the role \"button\" and name `/^login$/i`\n\nHere are the matching elements:\n\nIgnored nodes: comments, script, style\n\u001b[36m<button\u001b[39m\n  \u001b[33mclass\u001b[39m=\u001b[32m\"btn btn-light\"\u001b[39m\n\u001b[36m>\u001b[39m\n  \u001b[0mLogin\u001b[0m\n\u001b[36m</button>\u001b[39m\n\nIgnored nodes: comments, script, style\n\u001b[36m<button\u001b[39m\n  \u001b[33mclass\u001b[39m=\u001b[32m\"btn btn-primary btn-lg\"\u001b[39m\n  \u001b[33mtype\u001b[39m=\u001b[32m\"submit\"\u001b[39m\n\u001b[36m>\u001b[39m\n  \u001b[0mLogin\u001b[0m\n\u001b[36m</button>\u001b[39m\n\n(If this is intentional, then use the `*AllBy*` variant of the query (like `queryAllByText`, `getAllByText`, or `findAllByText`)).\n\nIgnored nodes: comments, script, style\n\u001b[36m<body>\u001b[39m\n  \u001b[36m<div>\u001b[39m\n    \u001b[36m<nav\u001b[39m\n      \u001b[33mclass\u001b[39m=\u001b[32m\"navbar navbar-expand-lg bg-primary shadow-sm\"\u001b[39m\n    \u001b[36m>\u001b[39m\n      \u001b[36m<div\u001b[39m\n        \u001b[33mclass\u001b[39m=\u001b[32m\"container-fluid\"\u001b[39m\n      \u001b[36m>\u001b[39m\n        \u001b[36m<span\u001b[39m\n          \u001b[33mclass\u001b[39m=\u001b[32m\"navbar-brand text-white fw-bold fs-5\"\u001b[39m\n        \u001b[36m>\u001b[39m\n          \u001b[0m🏢 Kreate Technologies\u001b[0m\n        \u001b[36m</span>\u001b[39m\n        \u001b[36m<div\u001b[39m\n          \u001b[33mclass\u001b[39m=\u001b[32m\"d-flex gap-2 flex-wrap\"\u001b[39m\n        \u001b[36m>\u001b[39m\n          \u001b[36m<button\u001b[39m\n            \u001b[33mclass\u001b[39m=\u001b[32m\"btn btn-light\"\u001b[39m\n          \u001b[36m>\u001b[39m\n            \u001b[0mLogin\u001b[0m\n          \u001b[36m</button>\u001b[39m\n        \u001b[36m</div>\u001b[39m\n      \u001b[36m</div>\u001b[39m\n    \u001b[36m</nav>\u001b[39m\n    \u001b[36m<div\u001b[39m\n      \u001b[33mclass\u001b[39m=\u001b[32m\"container d-flex justify-content-center align-items-center\"\u001b[39m\n      \u001b[33mstyle\u001b[39m=\u001b[32m\"min-height: 90vh;\"\u001b[39m\n    \u001b[36m>\u001b[39m\n      \u001b[36m<div\u001b[39m\n        \u001b[33mclass\u001b[39m=\u001b[32m\"card shadow-lg p-4 p-md-5\"\u001b[39m\n        \u001b[33mstyle\u001b[39m=\u001b[32m\"width: 420px;\"\u001b[39m\n      \u001b[36m>\u001b[39m\n        \u001b[36m<div\u001b[39m\n          \u001b[33mclass\u001b[39m=\u001b[32m\"text-center mb-4\"\u001b[39m\n        \u001b[36m>\u001b[39m\n          \u001b[36m<div\u001b[39m\n            \u001b[33mstyle\u001b[39m=\u001b[32m\"font-size: 3rem;\"\u001b[39m\n          \u001b[36m>\u001b[39m\n            \u001b[0m🏢\u001b[0m\n          \u001b[36m</div>\u001b[39m\n          \u001b[36m<h3\u001b[39m\n            \u001b[33mclass\u001b[39m=\u001b[32m\"fw-bold text-primary mt-2\"\u001b[39m\n          \u001b[36m>\u001b[39m\n            \u001b[0mLeave Management System\u001b[0m\n          \u001b[36m</h3>\u001b[39m\n          \u001b[36m<p\u001b[39m\n            \u001b[33mclass\u001b[39m=\u001b[32m\"text-muted\"\u001b[39m\n          \u001b[36m>\u001b[39m\n            \u001b[0mSign in with your personal ID and password\u001b[0m\n          \u001b[36m</p>\u001b[39m\n        \u001b[36m</div>\u001b[39m\n        \u001b[36m<form\u001b[39m\n          \u001b[33mclass\u001b[39m=\u001b[32m\"d-grid gap-3\"\u001b[39m\n        \u001b[36m>\u001b[39m\n          \u001b[36m<div>\u001b[39m\n            \u001b[36m<label\u001b[39m\n              \u001b[33mclass\u001b[39m=\u001b[32m\"form-label fw-semibold\"\u001b[39m\n              \u001b[33mfor\u001b[39m=\u001b[32m\"roleSelect\"\u001b[39m\n            \u001b[36m>\u001b[39m\n              \u001b[0mSelect Role\u001b[0m\n            \u001b[36m</label>\u001b[39m\n            \u001b[36m<select\u001b[39m\n              \u001b[33mclass\u001b[39m=\u001b[32m\"form-select\"\u001b[39m\n              \u001b[33mid\u001b[39m=\u001b[32m\"roleSelect\"\u001b[39m\n            \u001b[36m>\u001b[39m\n              \u001b[36m<option\u001b[39m\n                \u001b[33mvalue\u001b[39m=\u001b[32m\"employee\"\u001b[39m\n              \u001b[36m>\u001b[39m\n                \u001b[0mEmployee\u001b[0m\n              \u001b[36m</option>\u001b[39m\n              \u001b[36m<option\u001b[39m\n                \u001b[33mvalue\u001b[39m=\u001b[32m\"hr\"\u001b[39m\n              \u001b[36m>\u001b[39m\n                \u001b[0mHR\u001b[0m\n              \u001b[36m</option>\u001b[39m\n            \u001b[36m</select>\u001b[39m\n          \u001b[36m</div>\u001b[39m\n          \u001b[36m<div>\u001b[39m\n            \u001b[36m<label\u001b[39m\n              \u001b[33mclass\u001b[39m=\u001b[32m\"form-label fw-semibold\"\u001b[39m\n              \u001b[33mfor\u001b[39m=\u001b[32m\"userIdInput\"\u001b[39m\n            \u001b[36m>\u001b[39m\n              \u001b[0mEmployee\u001b[0m\n              \u001b[0m ID\u001b[0m\n            \u001b[36m</label>\u001b[39m\n            \u001b[36m<input\u001b[39m\n              \u001b[33mclass\u001b[39m=\u001b[32m\"form-control\"\u001b[39m\n              \u001b[33mid\u001b[39m=\u001b[32m\"userIdInput\"\u001b[39m\n              \u001b[33mplaceholder\u001b[39m=\u001b[32m\"Enter employee ID\"\u001b[39m\n              \u001b[33mvalue\u001b[39m=\u001b[32m\"\"\u001b[39m\n            \u001b[36m/>\u001b[39m\n          \u001b[36m</div>\u001b[39m\n          \u001b[36m<div>\u001b[39m\n            \u001b[36m<label\u001b[39m\n              \u001b[33mclass\u001b[39m=\u001b[32m\"form-label fw-semibold\"\u001b[39m\n              \u001b[33mfor\u001b[39m=\u001b[32m\"passwordInput\"\u001b[39m\n            \u001b[36m>\u001b[39m\n              \u001b[0mPassword\u001b[0m\n            \u001b[36m</label>\u001b[39m\n            \u001b[36m<input\u001b[39m\n              \u001b[33mclass\u001b[39m=\u001b[32m\"form-control\"\u001b[39m\n              \u001b[33mid\u001b[39m=\u001b[32m\"passwordInput\"\u001b[39m\n              \u001b[33mplaceholder\u001b[39m=\u001b[32m\"Enter password\"\u001b[39m\n              \u001b[33mtype\u001b[39m=\u001b[32m\"password\"\u001b[39m\n              \u001b[33mvalue\u001b[39m=\u001b[32m\"\"\u001b[39m\n            \u001b[36m/>\u001b[39m\n          \u001b[36m</div>\u001b[39m\n          \u001b[36m<button\u001b[39m\n            \u001b[33mclass\u001b[39m=\u001b[32m\"btn btn-primary btn-lg\"\u001b[39m\n            \u001b[33mtype\u001b[39m=\u001b[32m\"submit\"\u001b[39m\n          \u001b[36m>\u001b[39m\n            \u001b[0mLogin\u001b[0m\n          \u001b[36m</button>\u001b[39m\n          \u001b[36m<button\u001b[39m\n            \u001b[33mclass\u001b[39m=\u001b[32m\"btn btn-outline-secondary\"\u001b[39m\n            \u001b[33mtype\u001b[39m=\u001b[32m\"button\"\u001b[39m\n          \u001b[36m>\u001b[39m\n            \u001b[0mForgot Password?\u001b[0m\n          \u001b[36m</button>\u001b[39m\n        \u001b[36m</form>\u001b[39m\n        \u001b[36m<hr />\u001b[39m\n        \u001b[36m<div\u001b[39m\n          \u001b[33mclass\u001b[39m=\u001b[32m\"text-center\"\u001b[39m\n        \u001b[36m>\u001b[39m\n          \u001b[36m<small\u001b[39m\n            \u001b[33mclass\u001b[39m=\u001b[32m\"text-muted\"\u001b[39m\n          \u001b[36m>\u001b[39m\n            \u001b[0mKreate Technologies © 2024\u001b[0m\n          \u001b[36m</small>\u001b[39m\n        \u001b[36m</div>\u001b[39m\n      \u001b[36m</div>\u001b[39m\n    \u001b[36m</div>\u001b[39m\n  \u001b[36m</div>\u001b[39m\n\u001b[36m</body>\u001b[39m\n    at Object.getElementError (D:\\React\\management\\node_modules\\@testing-library\\dom\\dist\\config.js:37:19)\n    at getElementError (D:\\React\\management\\node_modules\\@testing-library\\dom\\dist\\query-helpers.js:20:35)\n    at getMultipleElementsFoundError (D:\\React\\management\\node_modules\\@testing-library\\dom\\dist\\query-helpers.js:23:10)\n    at D:\\React\\management\\node_modules\\@testing-library\\dom\\dist\\query-helpers.js:55:13\n    at getByRole (D:\\React\\management\\node_modules\\@testing-library\\dom\\dist\\query-helpers.js:95:19)\n    at Object.<anonymous> (D:\\React\\management\\src\\App.test.js:8:17)\n    at Promise.then.completed (D:\\React\\management\\node_modules\\jest-circus\\build\\utils.js:391:28)\n    at new Promise (<anonymous>)\n    at callAsyncCircusFn (D:\\React\\management\\node_modules\\jest-circus\\build\\utils.js:316:10)\n    at _callCircusTest (D:\\React\\management\\node_modules\\jest-circus\\build\\run.js:218:40)\n    at _runTest (D:\\React\\management\\node_modules\\jest-circus\\build\\run.js:155:3)\n    at _runTestsForDescribeBlock (D:\\React\\management\\node_modules\\jest-circus\\build\\run.js:66:9)\n    at run (D:\\React\\management\\node_modules\\jest-circus\\build\\run.js:25:3)\n    at runAndTransformResultsToJestFormat (D:\\React\\management\\node_modules\\jest-circus\\build\\legacy-code-todo-rewrite\\jestAdapterInit.js:170:21)\n    at jestAdapter (D:\\React\\management\\node_modules\\jest-circus\\build\\legacy-code-todo-rewrite\\jestAdapter.js:82:19)\n    at runTestInternal (D:\\React\\management\\node_modules\\jest-runner\\build\\runTest.js:389:16)\n    at runTest (D:\\React\\management\\node_modules\\jest-runner\\build\\runTest.js:475:34)"],"fullName":"renders the login screen","location":null,"status":"failed","title":"renders the login screen"}],"endTime":1782717093110,"message":"\u001b[1m\u001b[31m  \u001b[1m● \u001b[22m\u001b[1mrenders the login screen\u001b[39m\u001b[22m\n\n    TestingLibraryElementError: Found multiple elements with the role \"button\" and name `/^login$/i`\n\n    Here are the matching elements:\n\n    Ignored nodes: comments, script, style\n    \u001b[36m<button\u001b[39m\n      \u001b[33mclass\u001b[39m=\u001b[32m\"btn btn-light\"\u001b[39m\n    \u001b[36m>\u001b[39m\n      \u001b[0mLogin\u001b[0m\n    \u001b[36m</button>\u001b[39m\n\n    Ignored nodes: comments, script, style\n    \u001b[36m<button\u001b[39m\n      \u001b[33mclass\u001b[39m=\u001b[32m\"btn btn-primary btn-lg\"\u001b[39m\n      \u001b[33mtype\u001b[39m=\u001b[32m\"submit\"\u001b[39m\n    \u001b[36m>\u001b[39m\n      \u001b[0mLogin\u001b[0m\n    \u001b[36m</button>\u001b[39m\n\n    (If this is intentional, then use the `*AllBy*` variant of the query (like `queryAllByText`, `getAllByText`, or `findAllByText`)).\n\n    Ignored nodes: comments, script, style\n    \u001b[36m<body>\u001b[39m\n      \u001b[36m<div>\u001b[39m\n        \u001b[36m<nav\u001b[39m\n          \u001b[33mclass\u001b[39m=\u001b[32m\"navbar navbar-expand-lg bg-primary shadow-sm\"\u001b[39m\n        \u001b[36m>\u001b[39m\n          \u001b[36m<div\u001b[39m\n            \u001b[33mclass\u001b[39m=\u001b[32m\"container-fluid\"\u001b[39m\n          \u001b[36m>\u001b[39m\n            \u001b[36m<span\u001b[39m\n              \u001b[33mclass\u001b[39m=\u001b[32m\"navbar-brand text-white fw-bold fs-5\"\u001b[39m\n            \u001b[36m>\u001b[39m\n              \u001b[0m🏢 Kreate Technologies\u001b[0m\n            \u001b[36m</span>\u001b[39m\n            \u001b[36m<div\u001b[39m\n              \u001b[33mclass\u001b[39m=\u001b[32m\"d-flex gap-2 flex-wrap\"\u001b[39m\n            \u001b[36m>\u001b[39m\n              \u001b[36m<button\u001b[39m\n                \u001b[33mclass\u001b[39m=\u001b[32m\"btn btn-light\"\u001b[39m\n              \u001b[36m>\u001b[39m\n                \u001b[0mLogin\u001b[0m\n              \u001b[36m</button>\u001b[39m\n            \u001b[36m</div>\u001b[39m\n          \u001b[36m</div>\u001b[39m\n        \u001b[36m</nav>\u001b[39m\n        \u001b[36m<div\u001b[39m\n          \u001b[33mclass\u001b[39m=\u001b[32m\"container d-flex justify-content-center align-items-center\"\u001b[39m\n          \u001b[33mstyle\u001b[39m=\u001b[32m\"min-height: 90vh;\"\u001b[39m\n        \u001b[36m>\u001b[39m\n          \u001b[36m<div\u001b[39m\n            \u001b[33mclass\u001b[39m=\u001b[32m\"card shadow-lg p-4 p-md-5\"\u001b[39m\n            \u001b[33mstyle\u001b[39m=\u001b[32m\"width: 420px;\"\u001b[39m\n          \u001b[36m>\u001b[39m\n            \u001b[36m<div\u001b[39m\n              \u001b[33mclass\u001b[39m=\u001b[32m\"text-center mb-4\"\u001b[39m\n            \u001b[36m>\u001b[39m\n              \u001b[36m<div\u001b[39m\n                \u001b[33mstyle\u001b[39m=\u001b[32m\"font-size: 3rem;\"\u001b[39m\n              \u001b[36m>\u001b[39m\n                \u001b[0m🏢\u001b[0m\n              \u001b[36m</div>\u001b[39m\n              \u001b[36m<h3\u001b[39m\n                \u001b[33mclass\u001b[39m=\u001b[32m\"fw-bold text-primary mt-2\"\u001b[39m\n              \u001b[36m>\u001b[39m\n                \u001b[0mLeave Management System\u001b[0m\n              \u001b[36m</h3>\u001b[39m\n              \u001b[36m<p\u001b[39m\n                \u001b[33mclass\u001b[39m=\u001b[32m\"text-muted\"\u001b[39m\n              \u001b[36m>\u001b[39m\n                \u001b[0mSign in with your personal ID and password\u001b[0m\n              \u001b[36m</p>\u001b[39m\n            \u001b[36m</div>\u001b[39m\n            \u001b[36m<form\u001b[39m\n              \u001b[33mclass\u001b[39m=\u001b[32m\"d-grid gap-3\"\u001b[39m\n            \u001b[36m>\u001b[39m\n              \u001b[36m<div>\u001b[39m\n                \u001b[36m<label\u001b[39m\n                  \u001b[33mclass\u001b[39m=\u001b[32m\"form-label fw-semibold\"\u001b[39m\n                  \u001b[33mfor\u001b[39m=\u001b[32m\"roleSelect\"\u001b[39m\n                \u001b[36m>\u001b[39m\n                  \u001b[0mSelect Role\u001b[0m\n                \u001b[36m</label>\u001b[39m\n                \u001b[36m<select\u001b[39m\n                  \u001b[33mclass\u001b[39m=\u001b[32m\"form-select\"\u001b[39m\n                  \u001b[33mid\u001b[39m=\u001b[32m\"roleSelect\"\u001b[39m\n                \u001b[36m>\u001b[39m\n                  \u001b[36m<option\u001b[39m\n                    \u001b[33mvalue\u001b[39m=\u001b[32m\"employee\"\u001b[39m\n                  \u001b[36m>\u001b[39m\n                    \u001b[0mEmployee\u001b[0m\n                  \u001b[36m</option>\u001b[39m\n                  \u001b[36m<option\u001b[39m\n                    \u001b[33mvalue\u001b[39m=\u001b[32m\"hr\"\u001b[39m\n                  \u001b[36m>\u001b[39m\n                    \u001b[0mHR\u001b[0m\n                  \u001b[36m</option>\u001b[39m\n                \u001b[36m</select>\u001b[39m\n              \u001b[36m</div>\u001b[39m\n              \u001b[36m<div>\u001b[39m\n                \u001b[36m<label\u001b[39m\n                  \u001b[33mclass\u001b[39m=\u001b[32m\"form-label fw-semibold\"\u001b[39m\n                  \u001b[33mfor\u001b[39m=\u001b[32m\"userIdInput\"\u001b[39m\n                \u001b[36m>\u001b[39m\n                  \u001b[0mEmployee\u001b[0m\n                  \u001b[0m ID\u001b[0m\n                \u001b[36m</label>\u001b[39m\n                \u001b[36m<input\u001b[39m\n                  \u001b[33mclass\u001b[39m=\u001b[32m\"form-control\"\u001b[39m\n                  \u001b[33mid\u001b[39m=\u001b[32m\"userIdInput\"\u001b[39m\n                  \u001b[33mplaceholder\u001b[39m=\u001b[32m\"Enter employee ID\"\u001b[39m\n                  \u001b[33mvalue\u001b[39m=\u001b[32m\"\"\u001b[39m\n                \u001b[36m/>\u001b[39m\n              \u001b[36m</div>\u001b[39m\n              \u001b[36m<div>\u001b[39m\n                \u001b[36m<label\u001b[39m\n                  \u001b[33mclass\u001b[39m=\u001b[32m\"form-label fw-semibold\"\u001b[39m\n                  \u001b[33mfor\u001b[39m=\u001b[32m\"passwordInput\"\u001b[39m\n                \u001b[36m>\u001b[39m\n                  \u001b[0mPassword\u001b[0m\n                \u001b[36m</label>\u001b[39m\n                \u001b[36m<input\u001b[39m\n                  \u001b[33mclass\u001b[39m=\u001b[32m\"form-control\"\u001b[39m\n                  \u001b[33mid\u001b[39m=\u001b[32m\"passwordInput\"\u001b[39m\n                  \u001b[33mplaceholder\u001b[39m=\u001b[32m\"Enter password\"\u001b[39m\n                  \u001b[33mtype\u001b[39m=\u001b[32m\"password\"\u001b[39m\n                  \u001b[33mvalue\u001b[39m=\u001b[32m\"\"\u001b[39m\n                \u001b[36m/>\u001b[39m\n              \u001b[36m</div>\u001b[39m\n              \u001b[36m<button\u001b[39m\n                \u001b[33mclass\u001b[39m=\u001b[32m\"btn btn-primary btn-lg\"\u001b[39m\n                \u001b[33mtype\u001b[39m=\u001b[32m\"submit\"\u001b[39m\n              \u001b[36m>\u001b[39m\n                \u001b[0mLogin\u001b[0m\n              \u001b[36m</button>\u001b[39m\n              \u001b[36m<button\u001b[39m\n                \u001b[33mclass\u001b[39m=\u001b[32m\"btn btn-outline-secondary\"\u001b[39m\n                \u001b[33mtype\u001b[39m=\u001b[32m\"button\"\u001b[39m\n              \u001b[36m>\u001b[39m\n                \u001b[0mForgot Password?\u001b[0m\n              \u001b[36m</button>\u001b[39m\n            \u001b[36m</form>\u001b[39m\n            \u001b[36m<hr />\u001b[39m\n            \u001b[36m<div\u001b[39m\n              \u001b[33mclass\u001b[39m=\u001b[32m\"text-center\"\u001b[39m\n            \u001b[36m>\u001b[39m\n              \u001b[36m<small\u001b[39m\n                \u001b[33mclass\u001b[39m=\u001b[32m\"text-muted\"\u001b[39m\n              \u001b[36m>\u001b[39m\n                \u001b[0mKreate Technologies © 2024\u001b[0m\n              \u001b[36m</small>\u001b[39m\n            \u001b[36m</div>\u001b[39m\n          \u001b[36m</div>\u001b[39m\n        \u001b[36m</div>\u001b[39m\n      \u001b[36m</div>\u001b[39m\n    \u001b[36m</body>\u001b[39m\n\u001b[2m\u001b[22m\n\u001b[2m    \u001b[0m \u001b[90m  6 |\u001b[39m   expect(screen\u001b[33m.\u001b[39mgetByText(\u001b[35m/leave management system/i\u001b[39m))\u001b[33m.\u001b[39mtoBeInTheDocument()\u001b[33m;\u001b[39m\u001b[22m\n\u001b[2m     \u001b[90m  7 |\u001b[39m   expect(screen\u001b[33m.\u001b[39mgetByLabelText(\u001b[35m/select role/i\u001b[39m))\u001b[33m.\u001b[39mtoBeInTheDocument()\u001b[33m;\u001b[39m\u001b[22m\n\u001b[2m    \u001b[31m\u001b[1m>\u001b[22m\u001b[2m\u001b[39m\u001b[90m  8 |\u001b[39m   expect(screen\u001b[33m.\u001b[39mgetByRole(\u001b[32m'button'\u001b[39m\u001b[33m,\u001b[39m { name\u001b[33m:\u001b[39m \u001b[35m/^login$/i\u001b[39m }))\u001b[33m.\u001b[39mtoBeInTheDocument()\u001b[33m;\u001b[39m\u001b[22m\n\u001b[2m     \u001b[90m    |\u001b[39m                 \u001b[31m\u001b[1m^\u001b[22m\u001b[2m\u001b[39m\u001b[22m\n\u001b[2m     \u001b[90m  9 |\u001b[39m })\u001b[33m;\u001b[39m\u001b[22m\n\u001b[2m     \u001b[90m 10 |\u001b[39m\u001b[0m\u001b[22m\n\u001b[2m\u001b[22m\n\u001b[2m      \u001b[2mat Object.getElementError (\u001b[22m\u001b[2mnode_modules/@testing-library/dom/dist/config.js\u001b[2m:37:19)\u001b[22m\u001b[2m\u001b[22m\n\u001b[2m      \u001b[2mat getElementError (\u001b[22m\u001b[2mnode_modules/@testing-library/dom/dist/query-helpers.js\u001b[2m:20:35)\u001b[22m\u001b[2m\u001b[22m\n\u001b[2m      \u001b[2mat getMultipleElementsFoundError (\u001b[22m\u001b[2mnode_modules/@testing-library/dom/dist/query-helpers.js\u001b[2m:23:10)\u001b[22m\u001b[2m\u001b[22m\n\u001b[2m      \u001b[2mat \u001b[22m\u001b[2mnode_modules/@testing-library/dom/dist/query-helpers.js\u001b[2m:55:13\u001b[22m\u001b[2m\u001b[22m\n\u001b[2m      \u001b[2mat getByRole (\u001b[22m\u001b[2mnode_modules/@testing-library/dom/dist/query-helpers.js\u001b[2m:95:19)\u001b[22m\u001b[2m\u001b[22m\n\u001b[2m      \u001b[2mat Object.<anonymous> (\u001b[22m\u001b[2m\u001b[0m\u001b[36msrc/App.test.js\u001b[39m\u001b[0m\u001b[2m:8:17)\u001b[22m\u001b[2m\u001b[22m\n","name":"D:\\React\\management\\src\\App.test.js","startTime":1782717090687,"status":"failed","summary":""},{"assertionResults":[{"ancestorTitles":["Login"],"failureMessages":[],"fullName":"Login submits the selected role and entered credentials","location":null,"status":"passed","title":"submits the selected role and entered credentials"}],"endTime":1782717093718,"message":"","name":"D:\\React\\management\\src\\components\\Login.test.js","startTime":1782717093156,"status":"passed","summary":""}],"wasInterrupted":false}